<?xml version="1.0" encoding="UTF-8"?>
<!-- Generated by org.testng.reporters.JUnitReportReporter -->
<testsuite hostname="DESKTOP-1GUC9ET" name="javascript.TestbeforetestWithGoogle" tests="2" failures="0" timestamp="20 Dec 2021 12:11:28 GMT" time="10.809" errors="0">
  <testcase name="testtextSearch" time="10.804" classname="javascript.TestbeforetestWithGoogle"/>
  <testcase name="testgoogleLandingpage" time="0.005" classname="javascript.TestbeforetestWithGoogle"/>
</testsuite> <!-- javascript.TestbeforetestWithGoogle -->
