<?xml version="1.0" encoding="UTF-8"?>
<!-- Generated by org.testng.reporters.JUnitReportReporter -->
<testsuite hostname="DESKTOP-1GUC9ET" name="javascript.javascript1" tests="1" failures="0" timestamp="20 Dec 2021 12:11:28 GMT" time="10.864" errors="0">
  <testcase name="f" time="10.864" classname="javascript.javascript1"/>
</testsuite> <!-- javascript.javascript1 -->
