<?xml version="1.0" encoding="UTF-8"?>
<!-- Generated by org.testng.reporters.JUnitReportReporter -->
<testsuite hostname="DESKTOP-1GUC9ET" name="javascript.Testorangehrm" tests="1" failures="0" timestamp="20 Dec 2021 12:11:28 GMT" time="16.872" errors="0">
  <testcase name="TestLogin" time="16.872" classname="javascript.Testorangehrm"/>
</testsuite> <!-- javascript.Testorangehrm -->
