<?xml version="1.0" encoding="UTF-8"?>
<!-- Generated by org.testng.reporters.JUnitReportReporter -->
<testsuite hostname="DESKTOP-1GUC9ET" name="javascript.javascript1" tests="1" failures="0" timestamp="20 Dec 2021 10:58:34 GMT" time="9.571" errors="0">
  <testcase name="f" time="9.571" classname="javascript.javascript1"/>
</testsuite> <!-- javascript.javascript1 -->
