<?xml version="1.0" encoding="UTF-8"?>
<!-- Generated by org.testng.reporters.JUnitReportReporter -->
<testsuite hostname="DESKTOP-1GUC9ET" name="JavaScript.Javascript2" tests="1" failures="0" timestamp="15 Dec 2021 07:58:52 GMT" time="15.359" errors="0">
  <testcase name="executionbyJavascript" time="15.359" classname="JavaScript.Javascript2"/>
</testsuite> <!-- JavaScript.Javascript2 -->
