<?xml version="1.0" encoding="UTF-8"?>
<!-- Generated by org.testng.reporters.JUnitReportReporter -->
<testsuite hostname="DESKTOP-1GUC9ET" name="javascript.TestbeforetestWithGoogle" tests="2" failures="0" timestamp="20 Dec 2021 11:20:39 GMT" time="4.784" errors="0">
  <testcase name="testgoogleLandingpage" time="0.013" classname="javascript.TestbeforetestWithGoogle"/>
  <testcase name="testtextSearch" time="4.771" classname="javascript.TestbeforetestWithGoogle"/>
</testsuite> <!-- javascript.TestbeforetestWithGoogle -->
