<?xml version="1.0" encoding="UTF-8"?>
<!-- Generated by org.testng.reporters.JUnitReportReporter -->
<testsuite hostname="DESKTOP-1GUC9ET" name="javascript.Testjavascript1" tests="1" failures="0" timestamp="15 Dec 2021 09:16:16 GMT" time="9.634" errors="0">
  <testcase name="testf" time="9.634" classname="javascript.Testjavascript1"/>
</testsuite> <!-- javascript.Testjavascript1 -->
