<?xml version="1.0" encoding="UTF-8"?>
<!-- Generated by org.testng.reporters.JUnitReportReporter -->
<testsuite hostname="DESKTOP-1GUC9ET" name="javascript.Testorangehrm" tests="1" failures="0" timestamp="20 Dec 2021 11:23:14 GMT" time="11.757" errors="0">
  <testcase name="TestLogin" time="11.757" classname="javascript.Testorangehrm"/>
</testsuite> <!-- javascript.Testorangehrm -->
